<?xml version="1.0" encoding="UTF-8"?>
<testng-results skipped="0" failed="0" total="1" passed="1">
  <reporter-output>
  </reporter-output>
  <suite name="Default suite" duration-ms="12569" started-at="2020-12-23T21:11:16Z" finished-at="2020-12-23T21:11:28Z">
    <groups>
    </groups>
    <test name="Default test" duration-ms="12569" started-at="2020-12-23T21:11:16Z" finished-at="2020-12-23T21:11:28Z">
      <class name="com.testng.practice.GmailLogin">
        <test-method status="PASS" signature="launchApp()[pri:0, instance:com.testng.practice.GmailLogin@56f4468b]" name="launchApp" is-config="true" duration-ms="7272" started-at="2020-12-23T22:11:16Z" finished-at="2020-12-23T22:11:23Z">
          <reporter-output>
          </reporter-output>
        </test-method> <!-- launchApp -->
        <test-method status="PASS" signature="login()[pri:0, instance:com.testng.practice.GmailLogin@56f4468b]" name="login" duration-ms="4674" started-at="2020-12-23T22:11:23Z" finished-at="2020-12-23T22:11:28Z">
          <reporter-output>
          </reporter-output>
        </test-method> <!-- login -->
        <test-method status="PASS" signature="closeApp()[pri:0, instance:com.testng.practice.GmailLogin@56f4468b]" name="closeApp" is-config="true" duration-ms="613" started-at="2020-12-23T22:11:28Z" finished-at="2020-12-23T22:11:28Z">
          <reporter-output>
          </reporter-output>
        </test-method> <!-- closeApp -->
      </class> <!-- com.testng.practice.GmailLogin -->
    </test> <!-- Default test -->
  </suite> <!-- Default suite -->
</testng-results>
